Build started 2017-05-09 오전 10:27:29.
     1>Project "C:\Users\kookh\Desktop\git\bank_account3\bank_account3\bank_account3.vcxproj" on node 2 (ClCompile target(s)).
     1>ClCompile:
         C:\Program Files (x86)\Microsoft Visual Studio 12.0\VC\bin\CL.exe /c /ZI /nologo /W3 /WX- /Od /Oy- /D WIN32 /D _DEBUG /D _CONSOLE /D _LIB /D _UNICODE /D UNICODE /Gm /EHsc /RTC1 /MDd /GS /fp:precise /Zc:wchar_t /Zc:forScope /Fo"Debug\\" /Fd"Debug\vc120.pdb" /Gd /TP /analyze- /errorReport:prompt Source.cpp
         Source.cpp
     1>c:\users\kookh\desktop\git\bank_account3\bank_account3\source.cpp(22): error C2660: 'strcpy_s' : function does not take 2 arguments
     1>Done Building Project "C:\Users\kookh\Desktop\git\bank_account3\bank_account3\bank_account3.vcxproj" (ClCompile target(s)) -- FAILED.

Build FAILED.

Time Elapsed 00:00:00.60
